0 info it worked if it ends with ok
1 verbose cli [ '/usr/local/bin/node', '/usr/local/bin/npm', 'start' ]
2 info using npm@3.3.12
3 info using node@v4.1.2
4 verbose run-script [ 'prestart', 'start', 'poststart' ]
5 info lifecycle AdityaPurandareWebsite@0.1.0~prestart: AdityaPurandareWebsite@0.1.0
6 silly lifecycle AdityaPurandareWebsite@0.1.0~prestart: no script for prestart, continuing
7 info lifecycle AdityaPurandareWebsite@0.1.0~start: AdityaPurandareWebsite@0.1.0
8 verbose lifecycle AdityaPurandareWebsite@0.1.0~start: unsafe-perm in lifecycle true
9 verbose lifecycle AdityaPurandareWebsite@0.1.0~start: PATH: /usr/local/lib/node_modules/npm/bin/node-gyp-bin:/Applications/XAMPP/xamppfiles/htdocs/personal-website/node_modules/.bin:/Users/AdityaPurandare/anaconda/bin:/Library/Frameworks/Python.framework/Versions/3.5/bin:/usr/local/opt/coreutils/libexec/gnubin:/usr/local/bin:/usr/local/sbin:/Library/Frameworks/Python.framework/Versions/2.7/bin:usr/local/bin:/Library/Frameworks/Python.framework/Versions/Current/bin:/usr/local/rvm/gems/ruby-1.9.3-p194/bin:/usr/local/rvm/gems/ruby-1.9.3-p194@global/bin:/usr/local/rvm/rubies/ruby-1.9.3-p194/bin:/usr/local/rvm/bin:/usr/local/bin:/usr/bin:/bin:/usr/sbin:/sbin:/usr/local/git/bin:/usr/texbin:/opt/sm/bin:/opt/sm/pkg/active/bin:/opt/sm/pkg/active/sbin
10 verbose lifecycle AdityaPurandareWebsite@0.1.0~start: CWD: /Applications/XAMPP/xamppfiles/htdocs/personal-website
11 silly lifecycle AdityaPurandareWebsite@0.1.0~start: Args: [ '-c', 'node server.js' ]
12 silly lifecycle AdityaPurandareWebsite@0.1.0~start: Returned: code: 1  signal: null
13 info lifecycle AdityaPurandareWebsite@0.1.0~start: Failed to exec start script
14 verbose stack Error: AdityaPurandareWebsite@0.1.0 start: `node server.js`
14 verbose stack Exit status 1
14 verbose stack     at EventEmitter.<anonymous> (/usr/local/lib/node_modules/npm/lib/utils/lifecycle.js:232:16)
14 verbose stack     at emitTwo (events.js:87:13)
14 verbose stack     at EventEmitter.emit (events.js:172:7)
14 verbose stack     at ChildProcess.<anonymous> (/usr/local/lib/node_modules/npm/lib/utils/spawn.js:24:14)
14 verbose stack     at emitTwo (events.js:87:13)
14 verbose stack     at ChildProcess.emit (events.js:172:7)
14 verbose stack     at maybeClose (internal/child_process.js:818:16)
14 verbose stack     at Process.ChildProcess._handle.onexit (internal/child_process.js:211:5)
15 verbose pkgid AdityaPurandareWebsite@0.1.0
16 verbose cwd /Applications/XAMPP/xamppfiles/htdocs/personal-website
17 error Darwin 15.3.0
18 error argv "/usr/local/bin/node" "/usr/local/bin/npm" "start"
19 error node v4.1.2
20 error npm  v3.3.12
21 error code ELIFECYCLE
22 error AdityaPurandareWebsite@0.1.0 start: `node server.js`
22 error Exit status 1
23 error Failed at the AdityaPurandareWebsite@0.1.0 start script 'node server.js'.
23 error Make sure you have the latest version of node.js and npm installed.
23 error If you do, this is most likely a problem with the AdityaPurandareWebsite package,
23 error not with npm itself.
23 error Tell the author that this fails on your system:
23 error     node server.js
23 error You can get their info via:
23 error     npm owner ls AdityaPurandareWebsite
23 error There is likely additional logging output above.
24 verbose exit [ 1, true ]
